[0605/044725.764546:INFO:CONSOLE(1)] "[object Object]", source: https://s2.hdslb.com/bfs/static/blive/blfe-dynamic-web/static/js/home.59821849141eecc36ab9.js (1)
[0605/044729.997523:INFO:CONSOLE(0)] "Uncaught (in promise) #<e>", source: https://t.bilibili.com/ (0)
[0605/044730.003659:INFO:CONSOLE(0)] "Uncaught (in promise) #<e>", source: https://t.bilibili.com/ (0)
[0605/044730.635567:INFO:CONSOLE(0)] "Uncaught (in promise) #<e>", source: https://t.bilibili.com/ (0)
[0605/044743.918724:INFO:CONSOLE(1)] "The AudioContext was not allowed to start. It must be resumed (or created) after a user gesture on the page. https://goo.gl/7K7WLu", source: https://static.geetest.com/static/js/fullpage.8.7.3.js (1)
[0605/044744.140532:INFO:CONSOLE(1)] "The AudioContext was not allowed to start. It must be resumed (or created) after a user gesture on the page. https://goo.gl/7K7WLu", source: https://static.geetest.com/static/js/fullpage.8.7.3.js (1)
[0605/044900.495959:INFO:CONSOLE(1)] "[object Object]", source: https://s2.hdslb.com/bfs/static/blive/blfe-dynamic-web/static/js/home.59821849141eecc36ab9.js (1)
[0605/044901.263664:INFO:CONSOLE(0)] "Uncaught (in promise) #<e>", source: https://t.bilibili.com/ (0)
[0605/044906.325222:INFO:CONSOLE(1)] "The AudioContext was not allowed to start. It must be resumed (or created) after a user gesture on the page. https://goo.gl/7K7WLu", source: https://static.geetest.com/static/js/fullpage.8.7.3.js (1)
[0605/044906.348066:INFO:CONSOLE(1)] "The AudioContext was not allowed to start. It must be resumed (or created) after a user gesture on the page. https://goo.gl/7K7WLu", source: https://static.geetest.com/static/js/fullpage.8.7.3.js (1)
[0605/045017.292509:INFO:CONSOLE(1)] "[object Object]", source: https://s2.hdslb.com/bfs/static/blive/blfe-dynamic-web/static/js/home.59821849141eecc36ab9.js (1)
[0605/045018.747391:INFO:CONSOLE(0)] "Uncaught (in promise) #<e>", source: https://t.bilibili.com/ (0)
[0605/045019.220991:WARNING:spdy_session.cc(3180)] Received HEADERS for invalid stream 61
[0605/045023.232180:INFO:CONSOLE(1)] "The AudioContext was not allowed to start. It must be resumed (or created) after a user gesture on the page. https://goo.gl/7K7WLu", source: https://static.geetest.com/static/js/fullpage.8.7.3.js (1)
[0605/045023.300911:INFO:CONSOLE(1)] "The AudioContext was not allowed to start. It must be resumed (or created) after a user gesture on the page. https://goo.gl/7K7WLu", source: https://static.geetest.com/static/js/fullpage.8.7.3.js (1)
[0605/045131.929698:INFO:CONSOLE(1)] "[object Object]", source: https://s2.hdslb.com/bfs/static/blive/blfe-dynamic-web/static/js/home.59821849141eecc36ab9.js (1)
[0605/045133.461750:INFO:CONSOLE(0)] "Uncaught (in promise) #<e>", source: https://t.bilibili.com/ (0)
[0605/045136.949844:INFO:CONSOLE(1)] "The AudioContext was not allowed to start. It must be resumed (or created) after a user gesture on the page. https://goo.gl/7K7WLu", source: https://static.geetest.com/static/js/fullpage.8.7.3.js (1)
[0605/045137.019128:INFO:CONSOLE(1)] "The AudioContext was not allowed to start. It must be resumed (or created) after a user gesture on the page. https://goo.gl/7K7WLu", source: https://static.geetest.com/static/js/fullpage.8.7.3.js (1)
[0605/045453.164177:INFO:CONSOLE(1)] "[object Object]", source: https://s2.hdslb.com/bfs/static/blive/blfe-dynamic-web/static/js/home.59821849141eecc36ab9.js (1)
[0605/045454.764249:INFO:CONSOLE(0)] "Uncaught (in promise) #<e>", source: https://t.bilibili.com/ (0)
[0605/045505.274715:INFO:CONSOLE(1)] "The AudioContext was not allowed to start. It must be resumed (or created) after a user gesture on the page. https://goo.gl/7K7WLu", source: https://static.geetest.com/static/js/fullpage.8.7.3.js (1)
[0605/045505.316475:INFO:CONSOLE(1)] "The AudioContext was not allowed to start. It must be resumed (or created) after a user gesture on the page. https://goo.gl/7K7WLu", source: https://static.geetest.com/static/js/fullpage.8.7.3.js (1)
[0605/075256.021498:INFO:CONSOLE(54)] "Uncaught TypeError: Cannot set property 'live_show' of undefined", source: https://s2.hdslb.com/bfs/static/blive/blfe-dynamic-web/static/js/vendor.264f6c2ca8b6ec657365.js (54)
[0605/081915.833513:INFO:CONSOLE(54)] "Uncaught TypeError: Cannot set property 'live_show' of undefined", source: https://s2.hdslb.com/bfs/static/blive/blfe-dynamic-web/static/js/vendor.264f6c2ca8b6ec657365.js (54)
[0605/214857.902723:INFO:CONSOLE(54)] "Uncaught TypeError: Cannot set property 'live_show' of undefined", source: https://s2.hdslb.com/bfs/static/blive/blfe-dynamic-web/static/js/vendor.264f6c2ca8b6ec657365.js (54)
[0606/062106.378752:INFO:CONSOLE(7)] "WebSocket connection to 'wss://broadcast.chat.bilibili.com:7823/sub' failed: WebSocket opening handshake timed out", source: https://s1.hdslb.com/bfs/seed/jinkela/header/header.js (7)
[0606/062149.123830:INFO:CONSOLE(7)] "WebSocket connection to 'wss://broadcast.chat.bilibili.com:7823/sub' failed: WebSocket opening handshake timed out", source: https://s1.hdslb.com/bfs/seed/jinkela/header/header.js (7)
[0606/083302.902722:INFO:CONSOLE(54)] "Uncaught TypeError: Cannot set property 'live_show' of undefined", source: https://s2.hdslb.com/bfs/static/blive/blfe-dynamic-web/static/js/vendor.264f6c2ca8b6ec657365.js (54)
[0606/083330.948545:ERROR:alsa_util.cc(204)] PcmOpen: default,没有那个文件或目录
[0606/083330.981655:ERROR:alsa_util.cc(204)] PcmOpen: plug:default,没有那个文件或目录
[0606/093938.114045:INFO:CONSOLE(0)] "Slow network is detected. See https://www.chromestatus.com/feature/5636954674692096 for more details. Fallback font will be used while loading: https://fonts.gstatic.com/s/poiretone/v6/UqyVK80NJXN4zfRgbdfbo55cV-UyZKA.woff2", source: http://localhost:8080/blog/v1/blogDetail.html?id=51057 (0)
[0606/094156.281899:INFO:CONSOLE(0)] "Slow network is detected. See https://www.chromestatus.com/feature/5636954674692096 for more details. Fallback font will be used while loading: https://s1.hdslb.com/bfs/seed/bplus-common/icon-font/2.1.2/bp-icon-font.woff", source: https://t.bilibili.com/ (0)
[0606/094208.684578:INFO:CONSOLE(54)] "Uncaught TypeError: Cannot set property 'live_show' of undefined", source: https://s2.hdslb.com/bfs/static/blive/blfe-dynamic-web/static/js/vendor.264f6c2ca8b6ec657365.js (54)
